<?xml version="1.0" encoding="UTF-8"?>
<!-- Generated by org.testng.reporters.JUnitXMLReporter -->
<testsuite ignored="0" hostname="Haritha" failures="0" tests="4" name="Default test" time="4.965" errors="0" timestamp="2024-08-14T17:58:33 CDT">
  <testcase classname="PetStoreUserAPIAutomation.TestPetStoreUsingPOJOObjectMapper" name="createUserTest" time="2.772"/>
  <testcase classname="PetStoreUserAPIAutomation.TestPetStoreUsingPOJOObjectMapper" name="getUser" time="0.483"/>
  <testcase classname="PetStoreUserAPIAutomation.TestPetStoreUsingPOJOObjectMapper" name="updateUser" time="0.374"/>
  <testcase classname="PetStoreUserAPIAutomation.TestPetStoreUsingPOJOObjectMapper" name="deleteUser" time="0.413"/>
</testsuite> <!-- Default test -->
