<?xml version="1.0" encoding="UTF-8"?>
<testng-results ignored="0" total="4" passed="4" failed="0" skipped="0">
  <reporter-output>
  </reporter-output>
  <suite started-at="2024-08-14T17:58:28 CDT" name="Default suite" finished-at="2024-08-14T17:58:33 CDT" duration-ms="4965">
    <groups>
    </groups>
    <test started-at="2024-08-14T17:58:28 CDT" name="Default test" finished-at="2024-08-14T17:58:33 CDT" duration-ms="4965">
      <class name="PetStoreUserAPIAutomation.TestPetStoreUsingPOJOObjectMapper">
        <test-method is-config="true" signature="setUp()[pri:0, instance:PetStoreUserAPIAutomation.TestPetStoreUsingPOJOObjectMapper@76b1e9b8]" started-at="2024-08-14T17:58:28 CDT" name="setUp" finished-at="2024-08-14T17:58:29 CDT" duration-ms="855" status="PASS">
          <reporter-output>
          </reporter-output>
        </test-method> <!-- setUp -->
        <test-method signature="createUserTest()[pri:1, instance:PetStoreUserAPIAutomation.TestPetStoreUsingPOJOObjectMapper@76b1e9b8]" started-at="2024-08-14T17:58:29 CDT" name="createUserTest" description="TC001:Validate creating a user using POST call" finished-at="2024-08-14T17:58:32 CDT" duration-ms="2772" status="PASS">
          <reporter-output>
          </reporter-output>
        </test-method> <!-- createUserTest -->
        <test-method signature="getUser()[pri:2, instance:PetStoreUserAPIAutomation.TestPetStoreUsingPOJOObjectMapper@76b1e9b8]" started-at="2024-08-14T17:58:32 CDT" name="getUser" description="TC002:Validate the created user is retrived using GET call" finished-at="2024-08-14T17:58:32 CDT" duration-ms="483" status="PASS">
          <reporter-output>
          </reporter-output>
        </test-method> <!-- getUser -->
        <test-method signature="updateUser()[pri:3, instance:PetStoreUserAPIAutomation.TestPetStoreUsingPOJOObjectMapper@76b1e9b8]" started-at="2024-08-14T17:58:32 CDT" name="updateUser" description="TC003:Validate the  user is updated using PUT call" finished-at="2024-08-14T17:58:33 CDT" duration-ms="374" status="PASS">
          <reporter-output>
          </reporter-output>
        </test-method> <!-- updateUser -->
        <test-method signature="deleteUser()[pri:4, instance:PetStoreUserAPIAutomation.TestPetStoreUsingPOJOObjectMapper@76b1e9b8]" started-at="2024-08-14T17:58:33 CDT" name="deleteUser" description="TC004:Validate the  user is deleted using DELETE call" finished-at="2024-08-14T17:58:33 CDT" duration-ms="413" status="PASS">
          <reporter-output>
          </reporter-output>
        </test-method> <!-- deleteUser -->
      </class> <!-- PetStoreUserAPIAutomation.TestPetStoreUsingPOJOObjectMapper -->
    </test> <!-- Default test -->
  </suite> <!-- Default suite -->
</testng-results>
