<?xml version="1.0" encoding="UTF-8"?>
<testng-results ignored="0" total="1" passed="1" failed="0" skipped="0">
  <reporter-output>
  </reporter-output>
  <suite started-at="2024-08-16T13:47:32 CDT" name="Default suite" finished-at="2024-08-16T13:47:37 CDT" duration-ms="4811">
    <groups>
    </groups>
    <test started-at="2024-08-16T13:47:32 CDT" name="Default test" finished-at="2024-08-16T13:47:37 CDT" duration-ms="4811">
      <class name="PetStorePetDetailsAPIAutomation.TestPetDetailsLombokBuilder">
        <test-method is-config="true" signature="setUp()[pri:0, instance:PetStorePetDetailsAPIAutomation.TestPetDetailsLombokBuilder@4b741d6d]" started-at="2024-08-16T13:47:32 CDT" name="setUp" finished-at="2024-08-16T13:47:33 CDT" duration-ms="853" status="PASS">
          <reporter-output>
          </reporter-output>
        </test-method> <!-- setUp -->
        <test-method signature="createPetTest()[pri:1, instance:PetStorePetDetailsAPIAutomation.TestPetDetailsLombokBuilder@4b741d6d]" started-at="2024-08-16T13:47:33 CDT" name="createPetTest" description="TC001:Validate creating a pet using POST call Lombok with builder pattern" finished-at="2024-08-16T13:47:37 CDT" duration-ms="3890" status="PASS">
          <reporter-output>
          </reporter-output>
        </test-method> <!-- createPetTest -->
      </class> <!-- PetStorePetDetailsAPIAutomation.TestPetDetailsLombokBuilder -->
    </test> <!-- Default test -->
  </suite> <!-- Default suite -->
</testng-results>
